2024-05-21 20:07:50,596 d7log [FATAL] this is an emerge message
2024-05-21 20:07:50,596 d7log [FATAL] this is an fatal message
2024-05-21 20:07:50,596 d7log [ALERT] this is an alert message
2024-05-21 20:07:50,596 d7log [CRIT] this is an crit message
2024-05-21 20:07:50,596 d7log [ERROR] this is an error message
2024-05-21 20:07:50,597 d7log [WARN] this is an warn message
2024-05-21 20:07:50,597 d7log [FATAL] this is an emerge message
2024-05-21 20:07:50,597 d7log [FATAL] this is an fatal message
2024-05-21 20:07:50,597 d7log [ALERT] this is an alert message
2024-05-21 20:07:50,597 d7log [CRIT] this is an crit message
2024-05-21 20:07:50,597 d7log [ERROR] this is an error message
2024-05-21 20:07:50,597 d7log [WARN] this is an warn message
2024-05-21 20:07:50,597 d7log [FATAL] this is an emerge message
2024-05-21 20:07:50,597 d7log [FATAL] this is an fatal message
2024-05-21 20:07:50,597 d7log [ALERT] this is an alert message
2024-05-21 20:07:50,597 d7log [CRIT] this is an crit message
2024-05-21 20:07:50,597 d7log [ERROR] this is an error message
2024-05-21 20:07:50,597 d7log [WARN] this is an warn message
2024-05-21 20:07:50,597 d7log [FATAL] this is an emerge message
2024-05-21 20:07:50,597 d7log [FATAL] this is an fatal message
2024-05-21 20:07:50,597 d7log [ALERT] this is an alert message
2024-05-21 20:07:50,597 d7log [CRIT] this is an crit message
2024-05-21 20:07:50,597 d7log [ERROR] this is an error message
2024-05-21 20:07:50,597 d7log [WARN] this is an warn message
2024-05-21 20:07:50,597 d7log [FATAL] this is an emerge message
2024-05-21 20:07:50,597 d7log [FATAL] this is an fatal message
2024-05-21 20:07:50,597 d7log [ALERT] this is an alert message
2024-05-21 20:07:50,597 d7log [CRIT] this is an crit message
2024-05-21 20:07:50,597 d7log [ERROR] this is an error message
2024-05-21 20:07:50,597 d7log [WARN] this is an warn message
2024-05-21 20:07:50,597 d7log [FATAL] this is an emerge message
2024-05-21 20:07:50,597 d7log [FATAL] this is an fatal message
2024-05-21 20:07:50,597 d7log [ALERT] this is an alert message
2024-05-21 20:07:50,597 d7log [CRIT] this is an crit message
2024-05-21 20:07:50,597 d7log [ERROR] this is an error message
2024-05-21 20:07:50,597 d7log [WARN] this is an warn message
2024-05-21 20:07:50,597 d7log [FATAL] this is an emerge message
2024-05-21 20:07:50,597 d7log [FATAL] this is an fatal message
2024-05-21 20:07:50,597 d7log [ALERT] this is an alert message
2024-05-21 20:07:50,598 d7log [CRIT] this is an crit message
2024-05-21 20:07:50,598 d7log [ERROR] this is an error message
2024-05-21 20:07:50,598 d7log [WARN] this is an warn message
2024-05-21 20:07:50,598 d7log [FATAL] this is an emerge message
2024-05-21 20:07:50,598 d7log [FATAL] this is an fatal message
2024-05-21 20:07:50,598 d7log [ALERT] this is an alert message
2024-05-21 20:07:50,598 d7log [CRIT] this is an crit message
2024-05-21 20:07:50,598 d7log [ERROR] this is an error message
2024-05-21 20:07:50,598 d7log [WARN] this is an warn message
2024-05-21 20:07:50,598 d7log [FATAL] this is an emerge message
2024-05-21 20:07:50,598 d7log [FATAL] this is an fatal message
2024-05-21 20:07:50,598 d7log [ALERT] this is an alert message
2024-05-21 20:07:50,598 d7log [CRIT] this is an crit message
2024-05-21 20:07:50,598 d7log [ERROR] this is an error message
2024-05-21 20:07:50,598 d7log [WARN] this is an warn message
2024-05-21 20:07:50,598 d7log [FATAL] this is an emerge message
2024-05-21 20:07:50,598 d7log [FATAL] this is an fatal message
2024-05-21 20:07:50,598 d7log [ALERT] this is an alert message
2024-05-21 20:07:50,598 d7log [CRIT] this is an crit message
2024-05-21 20:07:50,598 d7log [ERROR] this is an error message
2024-05-21 20:07:50,598 d7log [WARN] this is an warn message
2024-05-21 20:07:50,598 d7log [FATAL] this is an emerge message
2024-05-21 20:07:50,598 d7log [FATAL] this is an fatal message
2024-05-21 20:07:50,598 d7log [ALERT] this is an alert message
2024-05-21 20:07:50,598 d7log [CRIT] this is an crit message
2024-05-21 20:07:50,598 d7log [ERROR] this is an error message
2024-05-21 20:07:50,598 d7log [WARN] this is an warn message
2024-05-21 20:07:50,598 d7log [FATAL] this is an emerge message
2024-05-21 20:07:50,598 d7log [FATAL] this is an fatal message
2024-05-21 20:07:50,598 d7log [ALERT] this is an alert message
2024-05-21 20:07:50,598 d7log [CRIT] this is an crit message
2024-05-21 20:07:50,598 d7log [ERROR] this is an error message
2024-05-21 20:07:50,598 d7log [WARN] this is an warn message
2024-05-21 20:07:50,598 d7log [FATAL] this is an emerge message
2024-05-21 20:07:50,598 d7log [FATAL] this is an fatal message
2024-05-21 20:07:50,598 d7log [ALERT] this is an alert message
2024-05-21 20:07:50,598 d7log [CRIT] this is an crit message
2024-05-21 20:07:50,598 d7log [ERROR] this is an error message
2024-05-21 20:07:50,598 d7log [WARN] this is an warn message
2024-05-21 20:07:50,598 d7log [FATAL] this is an emerge message
2024-05-21 20:07:50,598 d7log [FATAL] this is an fatal message
2024-05-21 20:07:50,598 d7log [ALERT] this is an alert message
2024-05-21 20:07:50,598 d7log [CRIT] this is an crit message
2024-05-21 20:07:50,598 d7log [ERROR] this is an error message
2024-05-21 20:07:50,598 d7log [WARN] this is an warn message
2024-05-21 20:07:50,598 d7log [FATAL] this is an emerge message
2024-05-21 20:07:50,598 d7log [FATAL] this is an fatal message
2024-05-21 20:07:50,598 d7log [ALERT] this is an alert message
2024-05-21 20:07:50,598 d7log [CRIT] this is an crit message
2024-05-21 20:07:50,598 d7log [ERROR] this is an error message
2024-05-21 20:07:50,598 d7log [WARN] this is an warn message
2024-05-21 20:07:50,598 d7log [FATAL] this is an emerge message
2024-05-21 20:07:50,598 d7log [FATAL] this is an fatal message
2024-05-21 20:07:50,599 d7log [ALERT] this is an alert message
2024-05-21 20:07:50,599 d7log [CRIT] this is an crit message
2024-05-21 20:07:50,599 d7log [ERROR] this is an error message
2024-05-21 20:07:50,599 d7log [WARN] this is an warn message
2024-05-21 20:07:50,599 d7log [FATAL] this is an emerge message
2024-05-21 20:07:50,599 d7log [FATAL] this is an fatal message
2024-05-21 20:07:50,599 d7log [ALERT] this is an alert message
2024-05-21 20:07:50,599 d7log [CRIT] this is an crit message
2024-05-21 20:07:50,599 d7log [ERROR] this is an error message
2024-05-21 20:07:50,599 d7log [WARN] this is an warn message
2024-05-21 20:07:50,599 d7log [FATAL] this is an emerge message
2024-05-21 20:07:50,599 d7log [FATAL] this is an fatal message
2024-05-21 20:07:50,599 d7log [ALERT] this is an alert message
2024-05-21 20:07:50,599 d7log [CRIT] this is an crit message
2024-05-21 20:07:50,599 d7log [ERROR] this is an error message
2024-05-21 20:07:50,599 d7log [WARN] this is an warn message
2024-05-21 20:07:50,599 d7log [FATAL] this is an emerge message
2024-05-21 20:07:50,599 d7log [FATAL] this is an fatal message
2024-05-21 20:07:50,599 d7log [ALERT] this is an alert message
2024-05-21 20:07:50,599 d7log [CRIT] this is an crit message
2024-05-21 20:07:50,599 d7log [ERROR] this is an error message
2024-05-21 20:07:50,599 d7log [WARN] this is an warn message
2024-05-21 20:07:50,599 d7log [FATAL] this is an emerge message
2024-05-21 20:07:50,599 d7log [FATAL] this is an fatal message
2024-05-21 20:07:50,599 d7log [ALERT] this is an alert message
2024-05-21 20:07:50,599 d7log [CRIT] this is an crit message
2024-05-21 20:07:50,599 d7log [ERROR] this is an error message
2024-05-21 20:07:50,599 d7log [WARN] this is an warn message
