2024-05-23 09:46:21,159 mycat [INFO] MyloggerTest3.cc test1 24The log is info message
2024-05-23 09:46:21,159 mycat [ERROR] MyloggerTest3.cc test1 25The log is error message
2024-05-23 09:46:21,159 mycat [WARN] MyloggerTest3.cc test1 26The log is warn message
2024-05-23 09:46:21,159 mycat [DEBUG] MyloggerTest3.cc test1 27The log is debug message
2024-05-23 09:48:00,695 mycat [INFO] MyloggerTest3.cc test1 24The log is info message
2024-05-23 09:48:00,696 mycat [ERROR] MyloggerTest3.cc test1 25The log is error message
2024-05-23 09:48:00,696 mycat [WARN] MyloggerTest3.cc test1 26The log is warn message
2024-05-23 09:48:00,696 mycat [DEBUG] MyloggerTest3.cc test1 27The log is debug message
2024-05-23 09:49:42,831 mycat [INFO] MyloggerTest3.cc test1 24The log is info message
2024-05-23 09:49:42,831 mycat [ERROR] MyloggerTest3.cc test1 25The log is error message
2024-05-23 09:49:42,831 mycat [WARN] MyloggerTest3.cc test1 26The log is warn message
2024-05-23 09:49:42,831 mycat [DEBUG] MyloggerTest3.cc test1 27The log is debug message
2024-05-23 09:50:04,552 mycat [INFO] MyloggerTest3.cc test1 24The log is info message
2024-05-23 09:50:04,552 mycat [ERROR] MyloggerTest3.cc test1 25The log is error message
2024-05-23 09:50:04,552 mycat [WARN] MyloggerTest3.cc test1 26The log is warn message
2024-05-23 09:50:04,552 mycat [DEBUG] MyloggerTest3.cc test1 27The log is debug message
2024-05-23 10:19:11,246 mycat [INFO] [MyloggerTest3.cc:test1:25]The log is info message
2024-05-23 10:19:11,246 mycat [ERROR] [MyloggerTest3.cc:test1:26]The log is error message
2024-05-23 10:19:11,246 mycat [WARN] [MyloggerTest3.cc:test1:27]The log is warn message
2024-05-23 10:19:11,246 mycat [DEBUG] [MyloggerTest3.cc:test1:28]The log is debug message
2024-05-23 10:28:54,552 mycat [INFO] [MyloggerTest3.cc:test1:25]The log is info message
2024-05-23 10:28:54,552 mycat [ERROR] [MyloggerTest3.cc:test1:26]The log is error message
2024-05-23 10:28:54,552 mycat [WARN] [MyloggerTest3.cc:test1:27]The log is warn message
2024-05-23 10:28:54,552 mycat [DEBUG] [MyloggerTest3.cc:test1:28]The log is debug message
